0 info it worked if it ends with ok
1 verbose cli [ '/opt/tools/nodejs/iojs-v3.3.0-linux-x64/bin/iojs',
1 verbose cli   '/opt/tools/nodejs/default/bin/npm',
1 verbose cli   'run',
1 verbose cli   'watch' ]
2 info using npm@2.13.3
3 info using node@v3.3.0
4 verbose run-script [ 'prewatch', 'watch', 'postwatch' ]
5 info prewatch react-webpack-hmr-starter@0.1.0
6 info watch react-webpack-hmr-starter@0.1.0
7 verbose unsafe-perm in lifecycle true
8 info react-webpack-hmr-starter@0.1.0 Failed to exec watch script
9 verbose stack Error: react-webpack-hmr-starter@0.1.0 watch: `node scripts/watch.js`
9 verbose stack Exit status 1
9 verbose stack     at EventEmitter.<anonymous> (/opt/tools/nodejs/iojs-v3.3.0-linux-x64/lib/node_modules/npm/lib/utils/lifecycle.js:214:16)
9 verbose stack     at emitTwo (events.js:87:13)
9 verbose stack     at EventEmitter.emit (events.js:172:7)
9 verbose stack     at ChildProcess.<anonymous> (/opt/tools/nodejs/iojs-v3.3.0-linux-x64/lib/node_modules/npm/lib/utils/spawn.js:24:14)
9 verbose stack     at emitTwo (events.js:87:13)
9 verbose stack     at ChildProcess.emit (events.js:172:7)
9 verbose stack     at maybeClose (internal/child_process.js:764:16)
9 verbose stack     at Process.ChildProcess._handle.onexit (internal/child_process.js:211:5)
10 verbose pkgid react-webpack-hmr-starter@0.1.0
11 verbose cwd /c/Ragu/Work/GC/opensource/react-webpack-hmr-starter
12 error Linux 3.13.0-55-generic
13 error argv "/opt/tools/nodejs/iojs-v3.3.0-linux-x64/bin/iojs" "/opt/tools/nodejs/default/bin/npm" "run" "watch"
14 error node v3.3.0
15 error npm  v2.13.3
16 error code ELIFECYCLE
17 error react-webpack-hmr-starter@0.1.0 watch: `node scripts/watch.js`
17 error Exit status 1
18 error Failed at the react-webpack-hmr-starter@0.1.0 watch script 'node scripts/watch.js'.
18 error This is most likely a problem with the react-webpack-hmr-starter package,
18 error not with npm itself.
18 error Tell the author that this fails on your system:
18 error     node scripts/watch.js
18 error You can get their info via:
18 error     npm owner ls react-webpack-hmr-starter
18 error There is likely additional logging output above.
19 verbose exit [ 1, true ]
